app/build/outputs/logs/manifest-merger-debug-report.txt
-- Merging decision tree log ---
manifest
ADDED from src\main\AndroidManifest.xml:2:1-125:12
	package
		ADDED from src\main\AndroidManifest.xml:3:5-30
		INJECTED from src\main\AndroidManifest.xml
		INJECTED from src\main\AndroidManifest.xml
	android:versionName
		INJECTED from src\main\AndroidManifest.xml
		INJECTED from src\main\AndroidManifest.xml
	xmlns:android
		ADDED from src\main\AndroidManifest.xml:2:11-69
	android:versionCode
		INJECTED from src\main\AndroidManifest.xml
		INJECTED from src\main\AndroidManifest.xml
uses-permission#android.permission.CALL_PHONE
ADDED from src\main\AndroidManifest.xml:5:5-69
	android:name
		ADDED from src\main\AndroidManifest.xml:5:22-66
uses-permission#android.permission.INTERNET
ADDED from src\main\AndroidManifest.xml:6:5-67
	android:name
		ADDED from src\main\AndroidManifest.xml:6:22-64
uses-permission#android.permission.WRITE_EXTERNAL_STORAGE
ADDED from src\main\AndroidManifest.xml:7:5-81
	android:name
		ADDED from src\main\AndroidManifest.xml:7:22-78
uses-permission#android.permission.ACCESS_COARSE_LOCATION
ADDED from src\main\AndroidManifest.xml:8:5-81
	android:name
		ADDED from src\main\AndroidManifest.xml:8:22-78
uses-permission#android.permission.ACCESS_NETWORK_STATE
ADDED from src\main\AndroidManifest.xml:9:5-79
	android:name
		ADDED from src\main\AndroidManifest.xml:9:22-76
uses-permission#android.permission.ACCESS_FINE_LOCATION
ADDED from src\main\AndroidManifest.xml:10:5-79
	android:name
		ADDED from src\main\AndroidManifest.xml:10:22-76
uses-permission#android.permission.READ_PHONE_STATE
ADDED from src\main\AndroidManifest.xml:11:5-75
	android:name
		ADDED from src\main\AndroidManifest.xml:11:22-72
uses-permission#android.permission.CHANGE_WIFI_STATE
ADDED from src\main\AndroidManifest.xml:12:5-76
	android:name
		ADDED from src\main\AndroidManifest.xml:12:22-73
uses-permission#android.permission.ACCESS_WIFI_STATE
ADDED from src\main\AndroidManifest.xml:13:5-76
	android:name
		ADDED from src\main\AndroidManifest.xml:13:22-73
uses-permission#android.permission.CHANGE_CONFIGURATION
ADDED from src\main\AndroidManifest.xml:14:5-79
	android:name
		ADDED from src\main\AndroidManifest.xml:14:22-76
uses-permission#android.permission.WAKE_LOCK
ADDED from src\main\AndroidManifest.xml:15:5-68
	android:name
		ADDED from src\main\AndroidManifest.xml:15:22-65
uses-permission#android.permission.WRITE_SETTINGS
ADDED from src\main\AndroidManifest.xml:16:5-73
	android:name
		ADDED from src\main\AndroidManifest.xml:16:22-70
uses-permission#android.permission.GET_TASKS
ADDED from src\main\AndroidManifest.xml:17:5-68
	android:name
		ADDED from src\main\AndroidManifest.xml:17:22-65
uses-permission#android.permission.SYSTEM_ALERT_WINDOW
ADDED from src\main\AndroidManifest.xml:18:5-78
	android:name
		ADDED from src\main\AndroidManifest.xml:18:22-75
uses-permission#android.permission.READ_EXTERNAL_STORAGE
ADDED from src\main\AndroidManifest.xml:20:5-80
	android:name
		ADDED from src\main\AndroidManifest.xml:20:22-77
uses-permission#android.permission.READ_SMS
ADDED from src\main\AndroidManifest.xml:21:5-67
	android:name
		ADDED from src\main\AndroidManifest.xml:21:22-64
uses-permission#android.permission.SEND_SMS
ADDED from src\main\AndroidManifest.xml:22:5-67
	android:name
		ADDED from src\main\AndroidManifest.xml:22:22-64
application
ADDED from src\main\AndroidManifest.xml:23:5-124:19
MERGED from [com.android.support:design:25.0.1] AndroidManifest.xml:25:5-20
MERGED from [com.android.support:transition:25.0.1] AndroidManifest.xml:22:5-20
MERGED from [:SMSSDK-3.0.0:] AndroidManifest.xml:11:5-12:19
MERGED from [bangda_android:ShareLib:unspecified] AndroidManifest.xml:11:5-15:19
MERGED from [com.android.support:appcompat-v7:25.3.1] AndroidManifest.xml:29:5-20
MERGED from [com.android.support:animated-vector-drawable:25.3.1] AndroidManifest.xml:26:5-20
MERGED from [com.android.support:support-vector-drawable:25.3.1] AndroidManifest.xml:26:5-20
MERGED from [com.android.support:support-v4:25.3.1] AndroidManifest.xml:29:5-20
MERGED from [com.android.support:support-fragment:25.3.1] AndroidManifest.xml:29:5-20
MERGED from [com.android.support:support-media-compat:25.3.1] AndroidManifest.xml:29:5-20
MERGED from [com.android.support:support-core-ui:25.3.1] AndroidManifest.xml:29:5-20
MERGED from [com.android.support:support-core-utils:25.3.1] AndroidManifest.xml:29:5-20
MERGED from [com.android.support:support-compat:25.3.1] AndroidManifest.xml:29:5-20
	android:label
		ADDED from src\main\AndroidManifest.xml:26:9-41
	android:supportsRtl
		ADDED from src\main\AndroidManifest.xml:27:9-35
	android:allowBackup
		ADDED from src\main\AndroidManifest.xml:24:9-35
	android:icon
		ADDED from src\main\AndroidManifest.xml:25:9-40
	android:theme
		ADDED from src\main\AndroidManifest.xml:29:9-40
	android:name
		ADDED from src\main\AndroidManifest.xml:28:9-60
provider#android.support.v4.content.FileProvider
ADDED from src\main\AndroidManifest.xml:31:9-39:20
	android:authorities
		ADDED from src\main\AndroidManifest.xml:33:13-63
	android:grantUriPermissions
		ADDED from src\main\AndroidManifest.xml:34:13-47
	android:exported
		ADDED from src\main\AndroidManifest.xml:35:13-37
	android:name
		ADDED from src\main\AndroidManifest.xml:32:13-67
meta-data#android.support.FILE_PROVIDER_PATHS
ADDED from src\main\AndroidManifest.xml:36:13-38:54
	android:resource
		ADDED from src\main\AndroidManifest.xml:38:17-51
	android:name
		ADDED from src\main\AndroidManifest.xml:37:17-67
meta-data#com.amap.api.v2.apikey
ADDED from src\main\AndroidManifest.xml:40:9-42:64
	android:value
		ADDED from src\main\AndroidManifest.xml:42:13-61
	android:name
		ADDED from src\main\AndroidManifest.xml:41:13-50
activity#com.weyko.shops.StartpageActivity
ADDED from src\main\AndroidManifest.xml:43:9-52:20
	android:screenOrientation
		ADDED from src\main\AndroidManifest.xml:45:13-49
	android:theme
		ADDED from src\main\AndroidManifest.xml:44:13-51
	android:name
		ADDED from src\main\AndroidManifest.xml:43:19-52
intent-filter#android.intent.action.MAIN+android.intent.category.LAUNCHER
ADDED from src\main\AndroidManifest.xml:47:13-51:29
action#android.intent.action.MAIN
ADDED from src\main\AndroidManifest.xml:48:17-69
	android:name
		ADDED from src\main\AndroidManifest.xml:48:25-66
category#android.intent.category.LAUNCHER
ADDED from src\main\AndroidManifest.xml:50:17-77
	android:name
		ADDED from src\main\AndroidManifest.xml:50:27-74
activity#com.weyko.shops.MainActivity
ADDED from src\main\AndroidManifest.xml:53:9-56:47
	android:screenOrientation
		ADDED from src\main\AndroidManifest.xml:54:13-49
	android:launchMode
		ADDED from src\main\AndroidManifest.xml:56:13-44
	android:windowSoftInputMode
		ADDED from src\main\AndroidManifest.xml:55:13-54
	android:name
		ADDED from src\main\AndroidManifest.xml:53:19-47
activity#com.weyko.shops.login.LoginActivity
ADDED from src\main\AndroidManifest.xml:57:9-60:56
	android:screenOrientation
		ADDED from src\main\AndroidManifest.xml:58:13-49
	android:launchMode
		ADDED from src\main\AndroidManifest.xml:59:13-44
	android:windowSoftInputMode
		ADDED from src\main\AndroidManifest.xml:60:13-54
	android:name
		ADDED from src\main\AndroidManifest.xml:57:19-54
activity#com.weyko.shops.login.RegisterActivity
ADDED from src\main\AndroidManifest.xml:61:9-64:56
	android:screenOrientation
		ADDED from src\main\AndroidManifest.xml:62:13-49
	android:launchMode
		ADDED from src\main\AndroidManifest.xml:63:13-44
	android:windowSoftInputMode
		ADDED from src\main\AndroidManifest.xml:64:13-54
	android:name
		ADDED from src\main\AndroidManifest.xml:61:19-57
activity#com.weyko.shops.me.SetActivity
ADDED from src\main\AndroidManifest.xml:65:9-66:52
	android:screenOrientation
		ADDED from src\main\AndroidManifest.xml:66:13-49
	android:name
		ADDED from src\main\AndroidManifest.xml:65:19-49
activity#com.weyko.shops.task.send.TaskInfoActivity
ADDED from src\main\AndroidManifest.xml:67:9-69:51
	android:screenOrientation
		ADDED from src\main\AndroidManifest.xml:69:13-49
	android:windowSoftInputMode
		ADDED from src\main\AndroidManifest.xml:68:13-67
	android:name
		ADDED from src\main\AndroidManifest.xml:67:19-61
activity#com.weyko.shops.me.InviteFriendActivity
ADDED from src\main\AndroidManifest.xml:70:9-72:51
	android:screenOrientation
		ADDED from src\main\AndroidManifest.xml:72:13-49
	android:windowSoftInputMode
		ADDED from src\main\AndroidManifest.xml:71:13-67
	android:name
		ADDED from src\main\AndroidManifest.xml:70:19-58
activity#com.weyko.shops.CommonWebActivity
ADDED from src\main\AndroidManifest.xml:73:9-91
	android:screenOrientation
		ADDED from src\main\AndroidManifest.xml:73:53-89
	android:name
		ADDED from src\main\AndroidManifest.xml:73:19-52
activity#com.weyko.shops.me.WalletActivity
ADDED from src\main\AndroidManifest.xml:74:9-91
	android:screenOrientation
		ADDED from src\main\AndroidManifest.xml:74:53-89
	android:name
		ADDED from src\main\AndroidManifest.xml:74:19-52
activity#com.weyko.shops.me.WalletRecordActivity
ADDED from src\main\AndroidManifest.xml:75:9-97
	android:screenOrientation
		ADDED from src\main\AndroidManifest.xml:75:59-95
	android:name
		ADDED from src\main\AndroidManifest.xml:75:19-58
activity#com.weyko.shops.me.IntegralRecordActivity
ADDED from src\main\AndroidManifest.xml:76:9-99
	android:screenOrientation
		ADDED from src\main\AndroidManifest.xml:76:61-97
	android:name
		ADDED from src\main\AndroidManifest.xml:76:19-60
activity#com.weyko.shops.me.MyTaskActivity
ADDED from src\main\AndroidManifest.xml:77:9-91
	android:screenOrientation
		ADDED from src\main\AndroidManifest.xml:77:53-89
	android:name
		ADDED from src\main\AndroidManifest.xml:77:19-52
activity#com.weyko.shops.me.RebackActivity
ADDED from src\main\AndroidManifest.xml:78:9-91
	android:screenOrientation
		ADDED from src\main\AndroidManifest.xml:78:53-89
	android:name
		ADDED from src\main\AndroidManifest.xml:78:19-52
activity#com.weyko.shops.login.ResetPasswordActivity
ADDED from src\main\AndroidManifest.xml:79:9-81:51
	android:screenOrientation
		ADDED from src\main\AndroidManifest.xml:81:13-49
	android:windowSoftInputMode
		ADDED from src\main\AndroidManifest.xml:80:13-67
	android:name
		ADDED from src\main\AndroidManifest.xml:79:19-62
service#com.weyko.shops.manager.HearManager
ADDED from src\main\AndroidManifest.xml:82:9-55
	android:name
		ADDED from src\main\AndroidManifest.xml:82:18-53
receiver#com.weyko.shops.network.http.download.DownLoadBrocastReceiver
ADDED from src\main\AndroidManifest.xml:83:9-88:20
	android:name
		ADDED from src\main\AndroidManifest.xml:83:19-80
intent-filter#android.intent.action.DOWNLOAD_COMPLETE+com.weyko.shops.down.start
ADDED from src\main\AndroidManifest.xml:84:13-87:29
action#com.weyko.shops.down.start
ADDED from src\main\AndroidManifest.xml:85:17-69
	android:name
		ADDED from src\main\AndroidManifest.xml:85:25-66
action#android.intent.action.DOWNLOAD_COMPLETE
ADDED from src\main\AndroidManifest.xml:86:17-82
	android:name
		ADDED from src\main\AndroidManifest.xml:86:25-79
service#com.amap.api.location.APSService
ADDED from src\main\AndroidManifest.xml:90:9-91:19
	android:name
		ADDED from src\main\AndroidManifest.xml:90:18-65
activity#com.alipay.sdk.app.H5PayActivity
ADDED from src\main\AndroidManifest.xml:94:9-99:70
	android:screenOrientation
		ADDED from src\main\AndroidManifest.xml:98:13-47
	android:exported
		ADDED from src\main\AndroidManifest.xml:97:13-37
	android:windowSoftInputMode
		ADDED from src\main\AndroidManifest.xml:99:13-67
	android:configChanges
		ADDED from src\main\AndroidManifest.xml:96:13-85
	android:name
		ADDED from src\main\AndroidManifest.xml:95:13-60
activity#com.alipay.sdk.auth.AuthActivity
ADDED from src\main\AndroidManifest.xml:100:9-104:50
	android:screenOrientation
		ADDED from src\main\AndroidManifest.xml:104:13-47
	android:exported
		ADDED from src\main\AndroidManifest.xml:103:13-37
	android:configChanges
		ADDED from src\main\AndroidManifest.xml:102:13-74
	android:name
		ADDED from src\main\AndroidManifest.xml:101:13-60
activity#com.weyko.shops.wxapi.WXPayEntryActivity
ADDED from src\main\AndroidManifest.xml:108:9-111:46
	android:launchMode
		ADDED from src\main\AndroidManifest.xml:111:13-43
	android:exported
		ADDED from src\main\AndroidManifest.xml:110:13-36
	android:name
		ADDED from src\main\AndroidManifest.xml:109:13-53
activity#com.mob.tools.MobUIShell
ADDED from src\main\AndroidManifest.xml:115:9-119:69
	android:windowSoftInputMode
		ADDED from src\main\AndroidManifest.xml:119:13-67
	android:configChanges
		ADDED from src\main\AndroidManifest.xml:118:13-74
	android:theme
		ADDED from src\main\AndroidManifest.xml:117:13-72
	android:name
		ADDED from src\main\AndroidManifest.xml:116:13-52
meta-data#Mob-AppKey
ADDED from src\main\AndroidManifest.xml:121:9-77
	android:value
		ADDED from src\main\AndroidManifest.xml:121:46-75
	android:name
		ADDED from src\main\AndroidManifest.xml:121:20-45
meta-data#Mob-AppSecret
ADDED from src\main\AndroidManifest.xml:122:9-99
	android:value
		ADDED from src\main\AndroidManifest.xml:122:49-97
	android:name
		ADDED from src\main\AndroidManifest.xml:122:20-48
uses-sdk
INJECTED from src\main\AndroidManifest.xml reason: use-sdk injection requested
MERGED from [com.android.support:design:25.0.1] AndroidManifest.xml:21:5-23:62
MERGED from [com.android.support:recyclerview-v7:25.0.1] AndroidManifest.xml:20:5-43
MERGED from [com.android.support:transition:25.0.1] AndroidManifest.xml:20:5-44
MERGED from [io.reactivex:rxandroid:1.2.0] AndroidManifest.xml:19:5-43
MERGED from [:SMSSDK-3.0.0:] AndroidManifest.xml:7:5-9:41
MERGED from [bangda_android:ShareLib:unspecified] AndroidManifest.xml:7:5-9:41
MERGED from [com.android.support:appcompat-v7:25.3.1] AndroidManifest.xml:21:5-23:78
MERGED from [com.android.support:animated-vector-drawable:25.3.1] AndroidManifest.xml:20:5-44
MERGED from [com.android.support:support-vector-drawable:25.3.1] AndroidManifest.xml:20:5-43
MERGED from [com.android.databinding:adapters:1.3.1] AndroidManifest.xml:22:5-24:41
MERGED from [com.android.databinding:library:1.3.1] AndroidManifest.xml:22:5-24:41
MERGED from [com.android.support:support-v4:25.3.1] AndroidManifest.xml:21:5-23:54
MERGED from [com.android.support:support-fragment:25.3.1] AndroidManifest.xml:21:5-23:60
MERGED from [com.android.support:support-media-compat:25.3.1] AndroidManifest.xml:21:5-23:63
MERGED from [com.android.support:support-core-ui:25.3.1] AndroidManifest.xml:21:5-23:58
MERGED from [com.android.support:support-core-utils:25.3.1] AndroidManifest.xml:21:5-23:61
MERGED from [com.android.support:support-compat:25.3.1] AndroidManifest.xml:21:5-23:58
	tools:overrideLibrary
		ADDED from [com.android.support:design:25.0.1] AndroidManifest.xml:23:9-59
	android:targetSdkVersion
		INJECTED from src\main\AndroidManifest.xml
		INJECTED from src\main\AndroidManifest.xml
	android:minSdkVersion
		INJECTED from src\main\AndroidManifest.xml
		INJECTED from src\main\AndroidManifest.xml
meta-data#android.support.VERSION
ADDED from [com.android.support:appcompat-v7:25.3.1] AndroidManifest.xml:25:5-27:34
MERGED from [com.android.support:animated-vector-drawable:25.3.1] AndroidManifest.xml:22:5-24:34
MERGED from [com.android.support:support-vector-drawable:25.3.1] AndroidManifest.xml:22:5-24:34
MERGED from [com.android.support:support-v4:25.3.1] AndroidManifest.xml:25:5-27:34
MERGED from [com.android.support:support-fragment:25.3.1] AndroidManifest.xml:25:5-27:34
MERGED from [com.android.support:support-media-compat:25.3.1] AndroidManifest.xml:25:5-27:34
MERGED from [com.android.support:support-core-ui:25.3.1] AndroidManifest.xml:25:5-27:34
MERGED from [com.android.support:support-core-utils:25.3.1] AndroidManifest.xml:25:5-27:34
MERGED from [com.android.support:support-compat:25.3.1] AndroidManifest.xml:25:5-27:34
	android:value
		ADDED from [com.android.support:appcompat-v7:25.3.1] AndroidManifest.xml:27:9-31
	android:name
		ADDED from [com.android.support:appcompat-v7:25.3.1] AndroidManifest.xml:26:9-47